                                                                                                                                                                                                                            
                                                                                                                                                                                                                            
[Page Number:      1]  <<FRI: 29-JUL-2005>>  [Filename: fields.sql]                                                                                                                                                         
<<< This lists the owner and fields of a table >>>                                                                                                                                                                          
                                                                                                                                                                                                                            
Owner    Field                                                                                                                                                                                                              
-------- ----------------------------------------                                                                                                                                                                           
dw       alt_booked,                                                                                                                                                                                                        
         alt_manual_allowance,                                                                                                                                                                                              
         alt_optioned,                                                                                                                                                                                                      
         alt_over_booking_allowance,                                                                                                                                                                                        
         alt_total_allocation,                                                                                                                                                                                              
         arrival_point,                                                                                                                                                                                                     
         cycle_date,                                                                                                                                                                                                        
         departure_point,                                                                                                                                                                                                   
         dummy,                                                                                                                                                                                                             
         duration,                                                                                                                                                                                                          
         duration_controlled,                                                                                                                                                                                               
         route_code,                                                                                                                                                                                                        
         season,                                                                                                                                                                                                            
         span,                                                                                                                                                                                                              
         valid_return_flight_code_1,                                                                                                                                                                                        
         valid_return_flight_code_2,                                                                                                                                                                                        
         valid_return_flight_code_3,                                                                                                                                                                                        
         valid_return_flight_code_4,                                                                                                                                                                                        
         valid_return_flight_code_5,                                                                                                                                                                                        
         valid_return_flight_code_6,                                                                                                                                                                                        
         valid_return_flight_code_7,                                                                                                                                                                                        
         valid_return_flight_code_8,                                                                                                                                                                                        
******** ----------------------------------------                                                                                                                                                                           
count                                          22                                                                                                                                                                           
                                                                                                                                                                                                                            
