                                                                                                                                                                                                                            
                                                                                                                                                                                                                            
[Page Number:      1]  <<FRI: 26-NOV-2004>>  [Filename: Keys.sql]                                                                                                                                                           
<<< This gives info on the key columns. If second report showing children not present - there are no children >>>                                                                                                           
                                                                                                                                                                                                                            
OWNER    TABLE_NAME                CONSTRAINT_NAME           COLUMN_NAME                                                                                                                                                    
-------- ------------------------- ------------------------- ----------------------------                                                                                                                                   
DATAW    SUPPLEMENT_SALE           SUPSA_BKING_FK            SEASON_YEAR                                                                                                                                                    
                                                             SEASON_TYPE                                                                                                                                                    
                                                             BOOKING_REFERENCE_NO                                                                                                                                           
                                   SUPSA_PK                  SEASON_YEAR                                                                                                                                                    
                                                             SUPPLEMENT_SEQUENCE                                                                                                                                            
                                                             SUPPLEMENT_CODE                                                                                                                                                
                                                             BOOKING_REFERENCE_NO                                                                                                                                           
                                                             SEASON_TYPE                                                                                                                                                    
                                                             DETAILS_UPDATED_DATE                                                                                                                                           
                                   SUPSA_SUPPL_2_FK          SEASON_YEAR                                                                                                                                                    
                                                             SEASON_TYPE                                                                                                                                                    
                                                             INFLATED_SUPPLEMENT_CODE                                                                                                                                       
                                   SUPSA_SUPPL_FK            SEASON_YEAR                                                                                                                                                    
                                                             SEASON_TYPE                                                                                                                                                    
                                                             SUPPLEMENT_CODE                                                                                                                                                
                                   SUPSA_VATTP_FK            VAT_TYPE_CODE                                                                                                                                                  
                                                                                                                                                                                                                            
