Fri 12 Jun 15:59:00 2009
/home/dw/bin/controlfiles.lst
file found: /home/dw/DWLIVE/load/merlin/m_ftp.ini
file found: /home/dw/DWLIVE/load/merlin/m_ftp_check.ini
file found: /home/dw/DWLIVE/load/otop/otop_ls_abbrev.lst
file found: /home/dw/DWLIVE/load/otop/otop_ls_season.lst
file found: /home/dw/DWLIVE/load/otop/otop_l_acc.lst
file found: /home/dw/DWLIVE/load/otop/otop_l_ahi.lst
file found: /home/dw/DWLIVE/load/otop/otop_l_diffgrps.lst
file found: /home/dw/DWLIVE/load/otop/otop_l_gen.lst
file found: /home/dw/DWLIVE/load/otop/otop_l_gsh.lst
file found: /home/dw/DWLIVE/load/otop/otop_l_int.lst
file found: /home/dw/DWLIVE/load/otop/otop_l_mkt.lst
file found: /home/dw/DWLIVE/load/otop/otop_l_pos.lst
file found: /home/dw/DWLIVE/load/otop/otop_l_shd.lst
file found: /home/dw/DWLIVE/load/otop/otop_l_shr.lst
file found: /home/dw/DWLIVE/load/otop/otop_l_sin.lst
file found: /home/dw/DWLIVE/load/otop/otop_l_trs.lst
file found: /home/dw/DWLIVE/integration/int_k_ctrl.ksh
file found: /home/dw/DWLIVE/integration/int_k_link.ksh
finished
Fri 12 Jun 15:59:01 2009
