
SQL*Plus: Release 11.2.0.1.0 Production on Fri Feb 28 09:00:02 2014

Copyright (c) 1982, 2009, Oracle.  All rights reserved.


Connected to:
Oracle Database 11g Release 11.2.0.1.0 - 64bit Production

--- DEBUG ON ---
fildir:/home/dw/SQL_Output stltlink
10004utlfile.invalid path:ORA-29280: invalid directory path
DEBUG
1: STLTLR   started:14-feb-28 09:00:02
DEBUG
1: Params:Params, branch:  pnr: seas: airl: days:0
DEBUG
1: Tax tol:4 seat tol:2
DEBUG
1: Rows processed		    :0
DEBUG
1: Rows no pnr match		    :0
DEBUG
1: Rows tax outside tolerances	    :0
DEBUG
1: Rows seat cost outside tolerances:0
DEBUG
1: Rows part-reconciled 	    :0
DEBUG
1: Rows fully matched 100%	    :0
DEBUG
1: STLTLR   ended:14-feb-28 09:00:04
STLTLR	 ended:14-feb-28 09:00:04
Result of Travelink reconc.:
No of rows :0

PL/SQL procedure successfully completed.

Disconnected from Oracle Database 11g Release 11.2.0.1.0 - 64bit Production
